[2026-01-23 10:48:22] ACTION: Terminated access attack PID 23628
[2026-01-23 12:13:39] CPU ABUSE DETECTED | PID 27764 | CPU 82.80% | MEM 11.65 MB
[2026-01-23 12:13:39] ACTION: Terminated cpu attack PID 27764
[2026-01-23 12:14:27] MEMORY ABUSE DETECTED | PID 27500 | CPU 1.60% | MEM 511.12 MB
[2026-01-23 12:14:27] ACTION: Terminated memory attack PID 27500
[2026-01-23 12:15:04] MEMORY ABUSE DETECTED | PID 11848 | CPU 3.10% | MEM 511.11 MB
[2026-01-23 12:15:04] ACTION: Terminated memory attack PID 11848
[2026-01-23 12:37:35] UNAUTHORIZED ACCESS DETECTED | PID 7880
[2026-01-23 12:37:35] ACTION: Terminated access attack PID 7880
[2026-02-06 18:20:09] MEMORY ABUSE DETECTED | PID 22420 | CPU 0.00% | MEM 410.61 MB
[2026-02-06 18:20:09] ACTION: Terminated memory attack PID 22420
[2026-02-06 18:20:27] UNAUTHORIZED ACCESS DETECTED | PID 22944
[2026-02-06 18:20:27] ACTION: Terminated access attack PID 22944
[2026-02-06 18:45:37] MEMORY ABUSE DETECTED | PID 2012 | CPU 0.00% | MEM 410.59 MB
[2026-02-06 18:45:37] ACTION: Terminated memory attack PID 2012
[2026-02-06 18:50:33] UNAUTHORIZED ACCESS DETECTED | PID 22520
[2026-02-06 18:50:33] ACTION: Terminated access attack PID 22520
[2026-02-06 18:59:07] MEMORY ABUSE DETECTED | PID 23784 | CPU 0.00% | MEM 410.60 MB
[2026-02-06 18:59:07] ACTION: Terminated memory attack PID 23784
[2026-02-06 19:26:06] MEMORY ABUSE DETECTED | PID 20212 | CPU 0.00% | MEM 410.59 MB
[2026-02-06 19:26:06] ACTION: Terminated memory attack PID 20212
[2026-02-06 19:30:04] UNAUTHORIZED ACCESS DETECTED | PID 24000
[2026-02-06 19:30:04] ACTION: Terminated access attack PID 24000
